#
# A fatal error has been detected by the Java Runtime Environment:
#
#  EXCEPTION_ACCESS_VIOLATION (0xc0000005) at pc=0x000000006f9da3c5, pid=6768, tid=25940
#
# JRE version: Java(TM) SE Runtime Environment (8.0_25-b18) (build 1.8.0_25-b18)
# Java VM: Java HotSpot(TM) 64-Bit Server VM (25.25-b02 mixed mode windows-amd64 compressed oops)
# Problematic frame:
# V  [jvm.dll+0x11a3c5]
#
# Failed to write core dump. Minidumps are not enabled by default on client versions of Windows
#
# If you would like to submit a bug report, please visit:
#   http://bugreport.sun.com/bugreport/crash.jsp
#

---------------  T H R E A D  ---------------

Current thread (0x00000000203c6800):  JavaThread "JDWP Transport Listener: dt_socket" daemon [_thread_in_vm, id=25940, stack(0x0000000020cc0000,0x0000000020dc0000)]

siginfo: ExceptionCode=0xc0000005, reading address 0x0000003b7972746e

Registers:
RAX=0x0000000020dbf201, RBX=0x00000000203c6800, RCX=0x0000003b7972746e, RDX=0x0000000000000000
RSP=0x0000000020dbf210, RBP=0x0000003b7972746e, RSI=0x0000000020dbf328, RDI=0x0000000004554810
R8 =0x00000000203c6800, R9 =0x0000000000008000, R10=0x0000000026ea6c70, R11=0x0000000024af7a2f
R12=0x0000000000000000, R13=0x00000000203bbbd8, R14=0x0000000000000000, R15=0x0000000000000000
RIP=0x000000006f9da3c5, EFLAGS=0x0000000000010202

Top of Stack: (sp=0x0000000020dbf210)
0x0000000020dbf210:   00000000203c6800 00000000203c6800
0x0000000020dbf220:   0000000020dbf2d8 000000006fbd78db
0x0000000020dbf230:   00000000203c6800 000000006fbf413d
0x0000000020dbf240:   0000000000000000 00007ffab01b9149
0x0000000020dbf250:   0000000023618418 00007ffab01c2912
0x0000000020dbf260:   00000000203c6800 0000000000000000
0x0000000020dbf270:   0000000000000000 0000000000000000
0x0000000020dbf280:   0000003b7972746e 00007ffab01c1a09
0x0000000020dbf290:   0000000020dbf328 0000000020dbf300
0x0000000020dbf2a0:   0000000000000001 0000000023618418
0x0000000020dbf2b0:   0000003b7972746e 00007ffab01a53b3
0x0000000020dbf2c0:   0000000020dbf3f0 0000000000000001
0x0000000020dbf2d0:   0000000000000001 0000000023618418
0x0000000020dbf2e0:   0000000000000001 0000000000000000
0x0000000020dbf2f0:   0000000000000000 0000000000000000
0x0000000020dbf300:   0000000000000001 00007ffab01a5571 

Instructions: (pc=0x000000006f9da3c5)
0x000000006f9da3a5:   cc cc cc cc cc cc cc cc cc cc cc 48 83 ec 28 48
0x000000006f9da3b5:   85 c9 75 07 33 c0 48 83 c4 28 c3 48 89 5c 24 20
0x000000006f9da3c5:   48 8b 19 48 85 db 74 20 48 83 fb 37 74 1a 48 8b
0x000000006f9da3d5:   13 48 8b cb ff 52 10 84 c0 74 0d 48 8b c3 48 8b 


Register to memory mapping:

RAX=0x0000000020dbf201 is pointing into the stack for thread: 0x00000000203c6800
RBX=0x00000000203c6800 is a thread
RCX=0x0000003b7972746e is an unknown value
RDX=0x0000000000000000 is an unknown value
RSP=0x0000000020dbf210 is pointing into the stack for thread: 0x00000000203c6800
RBP=0x0000003b7972746e is an unknown value
RSI=0x0000000020dbf328 is pointing into the stack for thread: 0x00000000203c6800
RDI=0x0000000004554810 is an unknown value
R8 =0x00000000203c6800 is a thread
R9 =0x0000000000008000 is an unknown value
R10=0x0000000026ea6c70 is an unknown value
R11=0x0000000024af7a2f is an unknown value
R12=0x0000000000000000 is an unknown value
R13=0x00000000203bbbd8 is an unknown value
R14=0x0000000000000000 is an unknown value
R15=0x0000000000000000 is an unknown value


Stack: [0x0000000020cc0000,0x0000000020dc0000],  sp=0x0000000020dbf210,  free space=1020k
Native frames: (J=compiled Java code, j=interpreted, Vv=VM code, C=native code)
V  [jvm.dll+0x11a3c5]
V  [jvm.dll+0x33413d]
C  [jdwp.dll+0x21a09]
C  [jdwp.dll+0x53b3]
C  [jdwp.dll+0x5571]
C  [jdwp.dll+0xf09c]
C  [jdwp.dll+0x1f2c9]
C  [jdwp.dll+0x1f49e]
V  [jvm.dll+0x1abba8]
V  [jvm.dll+0x22bde4]
V  [jvm.dll+0x2852fa]
C  [msvcr100.dll+0x21d9f]
C  [msvcr100.dll+0x21e3b]
C  [KERNEL32.DLL+0x137e4]
C  [ntdll.dll+0x6cb81]


---------------  P R O C E S S  ---------------

Java Threads: ( => current thread )
  0x000000002a57d000 JavaThread "DestroyJavaVM" [_thread_blocked, id=1032, stack(0x00000000043f0000,0x00000000044f0000)]
  0x000000002a57c800 JavaThread "http-nio-8080-Acceptor" daemon [_thread_in_native, id=20272, stack(0x000000002c3f0000,0x000000002c4f0000)]
  0x0000000021657800 JavaThread "http-nio-8080-ClientPoller" daemon [_thread_in_native, id=38256, stack(0x000000002c2f0000,0x000000002c3f0000)]
  0x0000000021657000 JavaThread "http-nio-8080-exec-10" daemon [_thread_blocked, id=25868, stack(0x000000002c1f0000,0x000000002c2f0000)]
  0x0000000021656000 JavaThread "http-nio-8080-exec-9" daemon [_thread_blocked, id=8456, stack(0x000000002c0f0000,0x000000002c1f0000)]
  0x0000000021655800 JavaThread "http-nio-8080-exec-8" daemon [_thread_blocked, id=27184, stack(0x000000002bff0000,0x000000002c0f0000)]
  0x000000002165c800 JavaThread "http-nio-8080-exec-7" daemon [_thread_blocked, id=19092, stack(0x000000002bef0000,0x000000002bff0000)]
  0x000000002165a800 JavaThread "http-nio-8080-exec-6" daemon [_thread_blocked, id=19836, stack(0x000000002bdf0000,0x000000002bef0000)]
  0x000000002165b800 JavaThread "http-nio-8080-exec-5" daemon [_thread_blocked, id=28824, stack(0x000000002bcf0000,0x000000002bdf0000)]
  0x000000002165a000 JavaThread "http-nio-8080-exec-4" daemon [_thread_blocked, id=28344, stack(0x000000002bbf0000,0x000000002bcf0000)]
  0x000000002555e000 JavaThread "http-nio-8080-exec-3" daemon [_thread_blocked, id=25744, stack(0x000000002baf0000,0x000000002bbf0000)]
  0x0000000021661800 JavaThread "http-nio-8080-exec-2" daemon [_thread_blocked, id=38104, stack(0x000000002b9f0000,0x000000002baf0000)]
  0x0000000027663800 JavaThread "http-nio-8080-exec-1" daemon [_thread_blocked, id=17556, stack(0x000000002b8f0000,0x000000002b9f0000)]
  0x0000000022969000 JavaThread "http-nio-8080-BlockPoller" daemon [_thread_in_native, id=15548, stack(0x000000002b7f0000,0x000000002b8f0000)]
  0x00000000236bf000 JavaThread "container-0" [_thread_blocked, id=16212, stack(0x000000002b510000,0x000000002b610000)]
  0x000000002a92f000 JavaThread "Catalina-utility-2" [_thread_blocked, id=4688, stack(0x000000002b410000,0x000000002b510000)]
  0x0000000027e8b800 JavaThread "Catalina-utility-1" [_thread_blocked, id=13216, stack(0x000000002b310000,0x000000002b410000)]
  0x000000002646b800 JavaThread "HikariPool-1 housekeeper" daemon [_thread_blocked, id=38184, stack(0x0000000029120000,0x0000000029220000)]
  0x00000000236c7800 JavaThread "mssql-jdbc-shared-timer-core-0" daemon [_thread_blocked, id=38248, stack(0x0000000029020000,0x0000000029120000)]
  0x0000000021146800 JavaThread "Service Thread" daemon [_thread_blocked, id=1488, stack(0x0000000021bc0000,0x0000000021cc0000)]
  0x0000000021157000 JavaThread "C1 CompilerThread3" daemon [_thread_blocked, id=38372, stack(0x0000000021ac0000,0x0000000021bc0000)]
  0x0000000021156000 JavaThread "C2 CompilerThread2" daemon [_thread_blocked, id=27692, stack(0x00000000219c0000,0x0000000021ac0000)]
  0x00000000211d7000 JavaThread "C2 CompilerThread1" daemon [_thread_blocked, id=2732, stack(0x00000000218c0000,0x00000000219c0000)]
  0x00000000211cd800 JavaThread "C2 CompilerThread0" daemon [_thread_blocked, id=27224, stack(0x00000000217c0000,0x00000000218c0000)]
  0x00000000203cb000 JavaThread "JDWP Command Reader" daemon [_thread_in_native, id=20088, stack(0x0000000020ec0000,0x0000000020fc0000)]
  0x00000000203ca000 JavaThread "JDWP Event Helper Thread" daemon [_thread_blocked, id=39736, stack(0x0000000020dc0000,0x0000000020ec0000)]
=>0x00000000203c6800 JavaThread "JDWP Transport Listener: dt_socket" daemon [_thread_in_vm, id=25940, stack(0x0000000020cc0000,0x0000000020dc0000)]
  0x00000000203b1000 JavaThread "Attach Listener" daemon [_thread_blocked, id=17784, stack(0x0000000020880000,0x0000000020980000)]
  0x00000000203b0000 JavaThread "Signal Dispatcher" daemon [_thread_blocked, id=4492, stack(0x0000000020780000,0x0000000020880000)]
  0x000000000464b800 JavaThread "Finalizer" daemon [_thread_blocked, id=22928, stack(0x00000000200d0000,0x00000000201d0000)]
  0x000000000464a800 JavaThread "Reference Handler" daemon [_thread_blocked, id=38752, stack(0x000000001ffd0000,0x00000000200d0000)]

Other Threads:
  0x000000001e1f8000 VMThread [stack: 0x000000001fed0000,0x000000001ffd0000] [id=10880]
  0x0000000021110000 WatcherThread [stack: 0x0000000021cc0000,0x0000000021dc0000] [id=28836]

VM state:not at safepoint (normal execution)

VM Mutex/Monitor currently owned by a thread: None

Heap:
 PSYoungGen      total 809472K, used 178014K [0x000000076b600000, 0x00000007b4a80000, 0x00000007c0000000)
  eden space 739328K, 24% used [0x000000076b600000,0x00000007763d7910,0x0000000798800000)
  from space 70144K, 0% used [0x0000000798800000,0x0000000798800000,0x000000079cc80000)
  to   space 66048K, 0% used [0x00000007b0a00000,0x00000007b0a00000,0x00000007b4a80000)
 ParOldGen       total 168448K, used 37267K [0x00000006c2200000, 0x00000006cc680000, 0x000000076b600000)
  object space 168448K, 22% used [0x00000006c2200000,0x00000006c4664d38,0x00000006cc680000)
 Metaspace       used 61990K, capacity 65454K, committed 65704K, reserved 1105920K
  class space    used 8292K, capacity 8831K, committed 8880K, reserved 1048576K

Card table byte_map: [0x0000000013bf0000,0x00000000143e0000] byte_map_base: 0x00000000105df000

Marking Bits: (ParMarkBitMap*) 0x000000007009d490
 Begin Bits: [0x0000000015130000, 0x00000000190a8000)
 End Bits:   [0x00000000190a8000, 0x000000001d020000)

Polling page: 0x00000000001f0000

CodeCache: size=245760Kb used=19401Kb max_used=19410Kb free=226358Kb
 bounds [0x0000000004830000, 0x0000000005b40000, 0x0000000013830000]
 total_blobs=5579 nmethods=5030 adapters=469
 compilation: enabled

Compilation events (10 events):
Event: 640.837 Thread 0x0000000021157000 6145   !   3       org.apache.catalina.core.StandardContext::getLoader (38 bytes)
Event: 640.839 Thread 0x0000000021157000 nmethod 6145 0x0000000004f6b150 code [0x0000000004f6b360, 0x0000000004f6bdd8]
Event: 640.842 Thread 0x0000000021157000 6146   !   3       org.apache.catalina.webresources.AbstractArchiveResourceSet::gc (60 bytes)
Event: 640.843 Thread 0x0000000021157000 nmethod 6146 0x0000000004f6e350 code [0x0000000004f6e4e0, 0x0000000004f6e9c8]
Event: 650.838 Thread 0x0000000021157000 6148   !   3       org.apache.catalina.core.ContainerBase$ContainerBackgroundProcessor::processChildren (202 bytes)
Event: 650.842 Thread 0x0000000021157000 nmethod 6148 0x0000000005b3b790 code [0x0000000005b3bb00, 0x0000000005b3de48]
Event: 650.843 Thread 0x0000000021157000 6147   !   3       org.apache.catalina.core.ContainerBase::getClusterInternal (38 bytes)
Event: 650.844 Thread 0x0000000021157000 nmethod 6147 0x0000000004ded110 code [0x0000000004ded320, 0x0000000004dedd78]
Event: 730.847 Thread 0x0000000021157000 6149       3       java.lang.Thread::setContextClassLoader (27 bytes)
Event: 730.848 Thread 0x0000000021157000 nmethod 6149 0x0000000005b3a490 code [0x0000000005b3a640, 0x0000000005b3abd8]

GC Heap History (10 events):
Event: 5.057 GC heap before
{Heap before GC invocations=10 (full 1):
 PSYoungGen      total 562688K, used 15201K [0x000000076b600000, 0x00000007a3e00000, 0x00000007c0000000)
  eden space 486400K, 0% used [0x000000076b600000,0x000000076b600000,0x0000000789100000)
  from space 76288K, 19% used [0x0000000789100000,0x0000000789fd8610,0x000000078db80000)
  to   space 73728K, 0% used [0x000000079f600000,0x000000079f600000,0x00000007a3e00000)
 ParOldGen       total 173568K, used 68584K [0x00000006c2200000, 0x00000006ccb80000, 0x000000076b600000)
  object space 173568K, 39% used [0x00000006c2200000,0x00000006c64fa0c8,0x00000006ccb80000)
 Metaspace       used 20469K, capacity 21170K, committed 21296K, reserved 1069056K
  class space    used 2432K, capacity 2589K, committed 2608K, reserved 1048576K
Event: 5.094 GC heap after
Heap after GC invocations=10 (full 1):
 PSYoungGen      total 562688K, used 0K [0x000000076b600000, 0x00000007a3e00000, 0x00000007c0000000)
  eden space 486400K, 0% used [0x000000076b600000,0x000000076b600000,0x0000000789100000)
  from space 76288K, 0% used [0x0000000789100000,0x0000000789100000,0x000000078db80000)
  to   space 73728K, 0% used [0x000000079f600000,0x000000079f600000,0x00000007a3e00000)
 ParOldGen       total 119296K, used 20796K [0x00000006c2200000, 0x00000006c9680000, 0x000000076b600000)
  object space 119296K, 17% used [0x00000006c2200000,0x00000006c364f2d0,0x00000006c9680000)
 Metaspace       used 20468K, capacity 21168K, committed 21296K, reserved 1069056K
  class space    used 2431K, capacity 2588K, committed 2608K, reserved 1048576K
}
Event: 7.794 GC heap before
{Heap before GC invocations=11 (full 1):
 PSYoungGen      total 562688K, used 387801K [0x000000076b600000, 0x00000007a3e00000, 0x00000007c0000000)
  eden space 486400K, 79% used [0x000000076b600000,0x00000007830b65a0,0x0000000789100000)
  from space 76288K, 0% used [0x0000000789100000,0x0000000789100000,0x000000078db80000)
  to   space 73728K, 0% used [0x000000079f600000,0x000000079f600000,0x00000007a3e00000)
 ParOldGen       total 119296K, used 20796K [0x00000006c2200000, 0x00000006c9680000, 0x000000076b600000)
  object space 119296K, 17% used [0x00000006c2200000,0x00000006c364f2d0,0x00000006c9680000)
 Metaspace       used 33347K, capacity 35408K, committed 35496K, reserved 1081344K
  class space    used 4193K, capacity 4506K, committed 4528K, reserved 1048576K
Event: 7.818 GC heap after
Heap after GC invocations=11 (full 1):
 PSYoungGen      total 766976K, used 22025K [0x000000076b600000, 0x00000007a1100000, 0x00000007c0000000)
  eden space 739328K, 0% used [0x000000076b600000,0x000000076b600000,0x0000000798800000)
  from space 27648K, 79% used [0x000000079f600000,0x00000007a0b827e8,0x00000007a1100000)
  to   space 70144K, 0% used [0x0000000798800000,0x0000000798800000,0x000000079cc80000)
 ParOldGen       total 119296K, used 20804K [0x00000006c2200000, 0x00000006c9680000, 0x000000076b600000)
  object space 119296K, 17% used [0x00000006c2200000,0x00000006c36512d0,0x00000006c9680000)
 Metaspace       used 33347K, capacity 35408K, committed 35496K, reserved 1081344K
  class space    used 4193K, capacity 4506K, committed 4528K, reserved 1048576K
}
Event: 7.818 GC heap before
{Heap before GC invocations=12 (full 2):
 PSYoungGen      total 766976K, used 22025K [0x000000076b600000, 0x00000007a1100000, 0x00000007c0000000)
  eden space 739328K, 0% used [0x000000076b600000,0x000000076b600000,0x0000000798800000)
  from space 27648K, 79% used [0x000000079f600000,0x00000007a0b827e8,0x00000007a1100000)
  to   space 70144K, 0% used [0x0000000798800000,0x0000000798800000,0x000000079cc80000)
 ParOldGen       total 119296K, used 20804K [0x00000006c2200000, 0x00000006c9680000, 0x000000076b600000)
  object space 119296K, 17% used [0x00000006c2200000,0x00000006c36512d0,0x00000006c9680000)
 Metaspace       used 33347K, capacity 35408K, committed 35496K, reserved 1081344K
  class space    used 4193K, capacity 4506K, committed 4528K, reserved 1048576K
Event: 7.871 GC heap after
Heap after GC invocations=12 (full 2):
 PSYoungGen      total 766976K, used 0K [0x000000076b600000, 0x00000007a1100000, 0x00000007c0000000)
  eden space 739328K, 0% used [0x000000076b600000,0x000000076b600000,0x0000000798800000)
  from space 27648K, 0% used [0x000000079f600000,0x000000079f600000,0x00000007a1100000)
  to   space 70144K, 0% used [0x0000000798800000,0x0000000798800000,0x000000079cc80000)
 ParOldGen       total 143360K, used 29926K [0x00000006c2200000, 0x00000006cae00000, 0x000000076b600000)
  object space 143360K, 20% used [0x00000006c2200000,0x00000006c3f39b90,0x00000006cae00000)
 Metaspace       used 33345K, capacity 35406K, committed 35496K, reserved 1081344K
  class space    used 4192K, capacity 4505K, committed 4528K, reserved 1048576K
}
Event: 11.823 GC heap before
{Heap before GC invocations=13 (full 2):
 PSYoungGen      total 766976K, used 444738K [0x000000076b600000, 0x00000007a1100000, 0x00000007c0000000)
  eden space 739328K, 60% used [0x000000076b600000,0x0000000786850b48,0x0000000798800000)
  from space 27648K, 0% used [0x000000079f600000,0x000000079f600000,0x00000007a1100000)
  to   space 70144K, 0% used [0x0000000798800000,0x0000000798800000,0x000000079cc80000)
 ParOldGen       total 143360K, used 29926K [0x00000006c2200000, 0x00000006cae00000, 0x000000076b600000)
  object space 143360K, 20% used [0x00000006c2200000,0x00000006c3f39b90,0x00000006cae00000)
 Metaspace       used 55894K, capacity 59094K, committed 59160K, reserved 1099776K
  class space    used 7542K, capacity 8051K, committed 8112K, reserved 1048576K
Event: 11.852 GC heap after
Heap after GC invocations=13 (full 2):
 PSYoungGen      total 809472K, used 27492K [0x000000076b600000, 0x00000007b4a80000, 0x00000007c0000000)
  eden space 739328K, 0% used [0x000000076b600000,0x000000076b600000,0x0000000798800000)
  from space 70144K, 39% used [0x0000000798800000,0x000000079a2d9078,0x000000079cc80000)
  to   space 66048K, 0% used [0x00000007b0a00000,0x00000007b0a00000,0x00000007b4a80000)
 ParOldGen       total 143360K, used 29934K [0x00000006c2200000, 0x00000006cae00000, 0x000000076b600000)
  object space 143360K, 20% used [0x00000006c2200000,0x00000006c3f3bb90,0x00000006cae00000)
 Metaspace       used 55894K, capacity 59094K, committed 59160K, reserved 1099776K
  class space    used 7542K, capacity 8051K, committed 8112K, reserved 1048576K
}
Event: 11.852 GC heap before
{Heap before GC invocations=14 (full 3):
 PSYoungGen      total 809472K, used 27492K [0x000000076b600000, 0x00000007b4a80000, 0x00000007c0000000)
  eden space 739328K, 0% used [0x000000076b600000,0x000000076b600000,0x0000000798800000)
  from space 70144K, 39% used [0x0000000798800000,0x000000079a2d9078,0x000000079cc80000)
  to   space 66048K, 0% used [0x00000007b0a00000,0x00000007b0a00000,0x00000007b4a80000)
 ParOldGen       total 143360K, used 29934K [0x00000006c2200000, 0x00000006cae00000, 0x000000076b600000)
  object space 143360K, 20% used [0x00000006c2200000,0x00000006c3f3bb90,0x00000006cae00000)
 Metaspace       used 55894K, capacity 59094K, committed 59160K, reserved 1099776K
  class space    used 7542K, capacity 8051K, committed 8112K, reserved 1048576K
Event: 11.991 GC heap after
Heap after GC invocations=14 (full 3):
 PSYoungGen      total 809472K, used 0K [0x000000076b600000, 0x00000007b4a80000, 0x00000007c0000000)
  eden space 739328K, 0% used [0x000000076b600000,0x000000076b600000,0x0000000798800000)
  from space 70144K, 0% used [0x0000000798800000,0x0000000798800000,0x000000079cc80000)
  to   space 66048K, 0% used [0x00000007b0a00000,0x00000007b0a00000,0x00000007b4a80000)
 ParOldGen       total 168448K, used 37267K [0x00000006c2200000, 0x00000006cc680000, 0x000000076b600000)
  object space 168448K, 22% used [0x00000006c2200000,0x00000006c4664d38,0x00000006cc680000)
 Metaspace       used 55894K, capacity 59094K, committed 59160K, reserved 1099776K
  class space    used 7542K, capacity 8051K, committed 8112K, reserved 1048576K
}

Deoptimization events (10 events):
Event: 94.747 Thread 0x0000000021655800 Uncommon trap: reason=unhandled action=none pc=0x0000000005636eb0 method=java.net.URLClassLoader$1.run()Ljava/lang/Class; @ 72
Event: 94.748 Thread 0x0000000021655800 Uncommon trap: reason=unhandled action=none pc=0x0000000005636eb0 method=java.net.URLClassLoader$1.run()Ljava/lang/Class; @ 72
Event: 94.748 Thread 0x0000000021655800 Uncommon trap: reason=unhandled action=none pc=0x0000000005636eb0 method=java.net.URLClassLoader$1.run()Ljava/lang/Class; @ 72
Event: 94.750 Thread 0x0000000021655800 Uncommon trap: reason=unhandled action=none pc=0x0000000005636eb0 method=java.net.URLClassLoader$1.run()Ljava/lang/Class; @ 72
Event: 94.750 Thread 0x0000000021655800 Uncommon trap: reason=unhandled action=none pc=0x0000000005636eb0 method=java.net.URLClassLoader$1.run()Ljava/lang/Class; @ 72
Event: 94.752 Thread 0x0000000021655800 Uncommon trap: reason=unhandled action=none pc=0x0000000005636eb0 method=java.net.URLClassLoader$1.run()Ljava/lang/Class; @ 72
Event: 94.754 Thread 0x0000000021655800 Uncommon trap: reason=unhandled action=none pc=0x0000000005636eb0 method=java.net.URLClassLoader$1.run()Ljava/lang/Class; @ 72
Event: 94.754 Thread 0x0000000021655800 Uncommon trap: reason=unhandled action=none pc=0x0000000005636eb0 method=java.net.URLClassLoader$1.run()Ljava/lang/Class; @ 72
Event: 98.598 Thread 0x0000000021655800 Uncommon trap: reason=unhandled action=none pc=0x0000000005636eb0 method=java.net.URLClassLoader$1.run()Ljava/lang/Class; @ 72
Event: 98.602 Thread 0x0000000021655800 Uncommon trap: reason=unhandled action=none pc=0x0000000005636eb0 method=java.net.URLClassLoader$1.run()Ljava/lang/Class; @ 72

Internal exceptions (10 events):
Event: 94.747 Thread 0x0000000021655800 Exception <a 'java/security/PrivilegedActionException'> (0x0000000771e22ad0) thrown at [D:\re\workspace\8-2-build-windows-amd64-cygwin\jdk8u25\1677\hotspot\src\share\vm\prims\jvm.cpp, line 1312]
Event: 94.748 Thread 0x0000000021655800 Exception <a 'java/security/PrivilegedActionException'> (0x0000000771e286f8) thrown at [D:\re\workspace\8-2-build-windows-amd64-cygwin\jdk8u25\1677\hotspot\src\share\vm\prims\jvm.cpp, line 1312]
Event: 94.748 Thread 0x0000000021655800 Exception <a 'java/security/PrivilegedActionException'> (0x0000000771e33a48) thrown at [D:\re\workspace\8-2-build-windows-amd64-cygwin\jdk8u25\1677\hotspot\src\share\vm\prims\jvm.cpp, line 1312]
Event: 94.750 Thread 0x0000000021655800 Exception <a 'java/security/PrivilegedActionException'> (0x0000000771e3c630) thrown at [D:\re\workspace\8-2-build-windows-amd64-cygwin\jdk8u25\1677\hotspot\src\share\vm\prims\jvm.cpp, line 1312]
Event: 94.750 Thread 0x0000000021655800 Exception <a 'java/security/PrivilegedActionException'> (0x0000000771e45a10) thrown at [D:\re\workspace\8-2-build-windows-amd64-cygwin\jdk8u25\1677\hotspot\src\share\vm\prims\jvm.cpp, line 1312]
Event: 94.752 Thread 0x0000000021655800 Exception <a 'java/security/PrivilegedActionException'> (0x0000000771e514d8) thrown at [D:\re\workspace\8-2-build-windows-amd64-cygwin\jdk8u25\1677\hotspot\src\share\vm\prims\jvm.cpp, line 1312]
Event: 94.754 Thread 0x0000000021655800 Exception <a 'java/security/PrivilegedActionException'> (0x0000000771e754f8) thrown at [D:\re\workspace\8-2-build-windows-amd64-cygwin\jdk8u25\1677\hotspot\src\share\vm\prims\jvm.cpp, line 1312]
Event: 94.754 Thread 0x0000000021655800 Exception <a 'java/security/PrivilegedActionException'> (0x0000000771e86508) thrown at [D:\re\workspace\8-2-build-windows-amd64-cygwin\jdk8u25\1677\hotspot\src\share\vm\prims\jvm.cpp, line 1312]
Event: 98.598 Thread 0x0000000021655800 Exception <a 'java/security/PrivilegedActionException'> (0x000000077585d250) thrown at [D:\re\workspace\8-2-build-windows-amd64-cygwin\jdk8u25\1677\hotspot\src\share\vm\prims\jvm.cpp, line 1312]
Event: 98.602 Thread 0x0000000021655800 Exception <a 'java/security/PrivilegedActionException'> (0x0000000775880200) thrown at [D:\re\workspace\8-2-build-windows-amd64-cygwin\jdk8u25\1677\hotspot\src\share\vm\prims\jvm.cpp, line 1312]

Events (10 events):
Event: 530.828 Thread 0x0000000021157000 flushing nmethod 0x0000000004adc690
Event: 620.835 Thread 0x0000000021157000 flushing nmethod 0x0000000004dec850
Event: 638.400 Thread 0x0000000021157000 flushing nmethod 0x0000000004f6acd0
Event: 638.400 Thread 0x0000000021157000 flushing nmethod 0x0000000004f6e050
Event: 638.400 Thread 0x0000000021157000 flushing nmethod 0x0000000004f8f390
Event: 650.844 Thread 0x0000000021157000 flushing nmethod 0x00000000053a2dd0
Event: 650.844 Thread 0x0000000021157000 flushing nmethod 0x00000000053fa450
Event: 730.848 Thread 0x0000000021157000 flushing nmethod 0x00000000054d9fd0
Event: 785.016 Executing VM operation: RedefineClasses
Event: 785.050 Executing VM operation: RedefineClasses done


Dynamic libraries:
0x00007ff71cfa0000 - 0x00007ff71cfd4000 	C:\Program Files\Java\jdk1.8.0_25\bin\javaw.exe
0x00007ffad9f50000 - 0x00007ffada130000 	C:\Windows\SYSTEM32\ntdll.dll
0x00007ffad9e70000 - 0x00007ffad9f1e000 	C:\Windows\System32\KERNEL32.DLL
0x00007ffad71b0000 - 0x00007ffad7416000 	C:\Windows\System32\KERNELBASE.dll
0x00007ffad8b10000 - 0x00007ffad8bb1000 	C:\Windows\System32\ADVAPI32.dll
0x00007ffad8cc0000 - 0x00007ffad8d5d000 	C:\Windows\System32\msvcrt.dll
0x00007ffad7610000 - 0x00007ffad766b000 	C:\Windows\System32\sechost.dll
0x00007ffad7420000 - 0x00007ffad753f000 	C:\Windows\System32\RPCRT4.dll
0x00007ffad9060000 - 0x00007ffad91ef000 	C:\Windows\System32\USER32.dll
0x00007ffad6aa0000 - 0x00007ffad6ac0000 	C:\Windows\System32\win32u.dll
0x00007ffad8c10000 - 0x00007ffad8c38000 	C:\Windows\System32\GDI32.dll
0x00007ffad6e40000 - 0x00007ffad6fd3000 	C:\Windows\System32\gdi32full.dll
0x00007ffad7090000 - 0x00007ffad712b000 	C:\Windows\System32\msvcp_win.dll
0x00007ffad6d40000 - 0x00007ffad6e34000 	C:\Windows\System32\ucrtbase.dll
0x00007ffacc740000 - 0x00007ffacc9a9000 	C:\Windows\WinSxS\amd64_microsoft.windows.common-controls_6595b64144ccf1df_6.0.16299.1087_none_0f9074b65a6589b7\COMCTL32.dll
0x00007ffad9940000 - 0x00007ffad9c46000 	C:\Windows\System32\combase.dll
0x00007ffad7130000 - 0x00007ffad71a2000 	C:\Windows\System32\bcryptPrimitives.dll
0x00007ffad8be0000 - 0x00007ffad8c0d000 	C:\Windows\System32\IMM32.DLL
0x00007ffa8ecf0000 - 0x00007ffa8eda3000 	C:\Program Files\McAfee\Endpoint Security\Threat Prevention\Ips\EpMPApi.dll
0x00007ffad7030000 - 0x00007ffad7089000 	C:\Windows\System32\WINTRUST.dll
0x00007ffad62e0000 - 0x00007ffad62f2000 	C:\Windows\System32\MSASN1.dll
0x00007ffad6ac0000 - 0x00007ffad6c8e000 	C:\Windows\System32\CRYPT32.dll
0x0000000070d70000 - 0x0000000070d7c000 	C:\Program Files\McAfee\Endpoint Security\Threat Prevention\Ips\EpMPThe.dll
0x0000000070120000 - 0x00000000701f2000 	C:\Program Files\Java\jdk1.8.0_25\jre\bin\msvcr100.dll
0x000000006f8c0000 - 0x000000007011a000 	C:\Program Files\Java\jdk1.8.0_25\jre\bin\server\jvm.dll
0x00007ffad9050000 - 0x00007ffad9058000 	C:\Windows\System32\PSAPI.DLL
0x00007ffaccba0000 - 0x00007ffaccba9000 	C:\Windows\SYSTEM32\WSOCK32.dll
0x00007ffad8c40000 - 0x00007ffad8cac000 	C:\Windows\System32\WS2_32.dll
0x00007ffacb7d0000 - 0x00007ffacb7f3000 	C:\Windows\SYSTEM32\WINMM.dll
0x00007ffacb7a0000 - 0x00007ffacb7ca000 	C:\Windows\SYSTEM32\winmmbase.dll
0x00007ffad6fe0000 - 0x00007ffad702a000 	C:\Windows\System32\cfgmgr32.dll
0x00007ffab8f10000 - 0x00007ffab8f1f000 	C:\Program Files\Java\jdk1.8.0_25\jre\bin\verify.dll
0x00007ffab0510000 - 0x00007ffab0538000 	C:\Program Files\Java\jdk1.8.0_25\jre\bin\java.dll
0x00007ffab01a0000 - 0x00007ffab01d5000 	C:\Program Files\Java\jdk1.8.0_25\jre\bin\jdwp.dll
0x00007ffab8c10000 - 0x00007ffab8c18000 	C:\Program Files\Java\jdk1.8.0_25\jre\bin\npt.dll
0x00007ffaafcd0000 - 0x00007ffaafcf3000 	C:\Program Files\Java\jdk1.8.0_25\jre\bin\instrument.dll
0x00007ffab1790000 - 0x00007ffab17a6000 	C:\Program Files\Java\jdk1.8.0_25\jre\bin\zip.dll
0x00007ffad76d0000 - 0x00007ffad8b08000 	C:\Windows\System32\SHELL32.dll
0x00000000201d0000 - 0x0000000020276000 	C:\Windows\System32\shcore.dll
0x00007ffad6350000 - 0x00007ffad6a97000 	C:\Windows\System32\windows.storage.dll
0x00007ffad7670000 - 0x00007ffad76c1000 	C:\Windows\System32\shlwapi.dll
0x00007ffad62c0000 - 0x00007ffad62d1000 	C:\Windows\System32\kernel.appcore.dll
0x00007ffad6300000 - 0x00007ffad634c000 	C:\Windows\System32\powrprof.dll
0x00007ffad62a0000 - 0x00007ffad62bb000 	C:\Windows\System32\profapi.dll
0x00007ffab8b90000 - 0x00007ffab8b99000 	C:\Program Files\Java\jdk1.8.0_25\jre\bin\dt_socket.dll
0x00007ffaafb80000 - 0x00007ffaafb96000 	C:\Windows\system32\napinsp.dll
0x00007ffaafb60000 - 0x00007ffaafb7a000 	C:\Windows\system32\pnrpnsp.dll
0x00007ffad0e30000 - 0x00007ffad0e48000 	C:\Windows\system32\NLAapi.dll
0x00007ffad5b30000 - 0x00007ffad5b96000 	C:\Windows\System32\mswsock.dll
0x00007ffad5900000 - 0x00007ffad59b6000 	C:\Windows\SYSTEM32\DNSAPI.dll
0x00007ffad9930000 - 0x00007ffad9938000 	C:\Windows\System32\NSI.dll
0x00007ffad58c0000 - 0x00007ffad58f9000 	C:\Windows\SYSTEM32\IPHLPAPI.DLL
0x00007ffaafb20000 - 0x00007ffaafb2e000 	C:\Windows\System32\winrnr.dll
0x00007ffaafad0000 - 0x00007ffaafae5000 	C:\Windows\System32\wshbth.dll
0x00007ffad2810000 - 0x00007ffad2880000 	C:\Windows\System32\fwpuclnt.dll
0x00007ffad5e00000 - 0x00007ffad5e25000 	C:\Windows\SYSTEM32\bcrypt.dll
0x00007ffacf3a0000 - 0x00007ffacf3aa000 	C:\Windows\System32\rasadhlp.dll
0x00007ffab0640000 - 0x00007ffab064d000 	C:\Program Files\Java\jdk1.8.0_25\jre\bin\management.dll
0x00007ffab04d0000 - 0x00007ffab04ea000 	C:\Program Files\Java\jdk1.8.0_25\jre\bin\net.dll
0x00007ffab02e0000 - 0x00007ffab02f1000 	C:\Program Files\Java\jdk1.8.0_25\jre\bin\nio.dll
0x00007ffad5cf0000 - 0x00007ffad5d07000 	C:\Windows\SYSTEM32\CRYPTSP.dll
0x00007ffad5730000 - 0x00007ffad5763000 	C:\Windows\system32\rsaenh.dll
0x00007ffad61a0000 - 0x00007ffad61c9000 	C:\Windows\SYSTEM32\USERENV.dll
0x00007ffad5d10000 - 0x00007ffad5d1b000 	C:\Windows\SYSTEM32\CRYPTBASE.dll
0x00007ffad1e90000 - 0x00007ffad1ea6000 	C:\Windows\SYSTEM32\dhcpcsvc6.DLL
0x00007ffad1d90000 - 0x00007ffad1daa000 	C:\Windows\SYSTEM32\dhcpcsvc.DLL
0x00007ffaaefd0000 - 0x00007ffaaeff4000 	C:\Program Files\Java\jdk1.8.0_25\jre\bin\sunec.dll
0x00007ffaaed10000 - 0x00007ffaaed5e000 	C:\Users\spandey\git\repository\UserManagement\mssql-jdbc_auth-9.2.0.x64.dll
0x00007ffad8d60000 - 0x00007ffad8ea9000 	C:\Windows\System32\ole32.dll
0x00007ffacf8e0000 - 0x00007ffacf8ec000 	C:\Windows\system32\secur32.dll
0x00007ffad61d0000 - 0x00007ffad6200000 	C:\Windows\SYSTEM32\SSPICLI.DLL
0x00007ffad5bf0000 - 0x00007ffad5ce3000 	C:\Windows\system32\kerberos.DLL
0x00007ffad5ac0000 - 0x00007ffad5b2b000 	C:\Windows\system32\msv1_0.DLL
0x00007ffad5ab0000 - 0x00007ffad5abd000 	C:\Windows\SYSTEM32\NtlmShared.dll
0x00007ffad5ba0000 - 0x00007ffad5bb4000 	C:\Windows\SYSTEM32\cryptdll.dll
0x00007ffacf8f0000 - 0x00007ffacf918000 	C:\Windows\system32\ntdsapi.dll
0x00007ffad4d80000 - 0x00007ffad4f48000 	C:\Windows\SYSTEM32\dbghelp.dll

VM Arguments:
jvm_args: -agentlib:jdwp=transport=dt_socket,suspend=y,address=localhost:53755 -javaagent:C:\Users\spandey\eclipse\java-photon\eclipse\configuration\org.eclipse.osgi\237\0\.cp\lib\javaagent-shaded.jar -Dfile.encoding=Cp1252 
java_command: com.module.usermgmt.UserManagementApplication
java_class_path (initial): C:\Program Files\Java\jdk1.8.0_25\jre\lib\resources.jar;C:\Program Files\Java\jdk1.8.0_25\jre\lib\rt.jar;C:\Program Files\Java\jdk1.8.0_25\jre\lib\jsse.jar;C:\Program Files\Java\jdk1.8.0_25\jre\lib\jce.jar;C:\Program Files\Java\jdk1.8.0_25\jre\lib\charsets.jar;C:\Program Files\Java\jdk1.8.0_25\jre\lib\jfr.jar;C:\Program Files\Java\jdk1.8.0_25\jre\lib\ext\cldrdata.jar;C:\Program Files\Java\jdk1.8.0_25\jre\lib\ext\dnsns.jar;C:\Program Files\Java\jdk1.8.0_25\jre\lib\ext\localedata.jar;C:\Program Files\Java\jdk1.8.0_25\jre\lib\ext\nashorn.jar;C:\Program Files\Java\jdk1.8.0_25\jre\lib\ext\sunec.jar;C:\Program Files\Java\jdk1.8.0_25\jre\lib\ext\sunjce_provider.jar;C:\Program Files\Java\jdk1.8.0_25\jre\lib\ext\sunmscapi.jar;C:\Program Files\Java\jdk1.8.0_25\jre\lib\ext\sunpkcs11.jar;C:\Program Files\Java\jdk1.8.0_25\jre\lib\ext\zipfs.jar;C:\Users\spandey\git\repository\UserManagement\bin\main;C:\gradle-4.9\caches\modules-2\files-2.1\javax.persistence\javax.persistence-api\2.2\25665ac8c0b62f50e6488173233239120fc52c96\javax.persistence-api-2.2.jar;C:\gradle-4.9\caches\modules-2\files-2.1\org.springframework.boot\spring-boot-starter-data-jpa\2.4.2\4c703d6746355d0d894fc22488c8756b8fe25d29\spring-boot-starter-data-jpa-2.4.2.jar;C:\gradle-4.9\caches\modules-2\files-2.1\com.microsoft.sqlserver\mssql-jdbc\9.2.0.jre8\c55aa8a479a2f46af781fb319ab6322ac27b9cec\mssql-jdbc-9.2.0.jre8.jar;C:\gradle-4.9\caches\modules-2\files-2.1\io.jsonwebtoken\jjwt\0.2\91e12a0c77d8ea7dc97c60e3db85659325dd2e93\jjwt-0.2.jar;C:\gradle-4.9\caches\modules-2\files-2.1\io.springfox\springfox-swagger2\2.7.0\dd28b7ce26af1209d6ef19f5f24a8c23b41ca6fc\springfox-swagger2-2.7.0.jar;C:\gradle-4.9\caches\modules-2\files-2.1\io.springfox\springfox-swagger-ui\2.7.0\92608eb6c2056810b4e3189196b4e8cce645d6de\springfox-swagger-ui-2.7.0.jar;C:\gradle-4.9\caches\modules-2\files-2.1\org.webjars\bootstrap\4.6.0\5c2349f69df03313c63f1b77bd796da7d1bedb6\bootstrap-4.6.0.jar;C:\gradle-4.9\caches\modules-2
Launcher Type: SUN_STANDARD

Environment Variables:
JAVA_HOME=C:\Program Files\Java\jdk1.8.0_25
PATH=C:\Program Files\Java\jdk1.8.0_25\jre\bin;C:/Program Files/Java/jre1.8.0_211/bin/server;C:/Program Files/Java/jre1.8.0_211/bin;C:/Program Files/Java/jre1.8.0_211/lib/amd64;C:\Program Files (x86)\Common Files\Oracle\Java\javapath;C:\Program Files (x86)\Intel\Intel(R) Management Engine Components\iCLS\;C:\Program Files\Intel\Intel(R) Management Engine Components\iCLS\;C:\Windows\system32;C:\Windows;C:\Windows\System32\Wbem;C:\Windows\System32\WindowsPowerShell\v1.0\;C:\Program Files (x86)\Intel\Intel(R) Management Engine Components\DAL;C:\Program Files\Intel\Intel(R) Management Engine Components\DAL;C:\Program Files (x86)\Intel\Intel(R) Management Engine Components\IPT;C:\Program Files\Intel\Intel(R) Management Engine Components\IPT;C:\Program Files\Intel\WiFi\bin\;C:\Program Files\Common Files\Intel\WirelessCommon\;C:\Program Files (x86)\Microsoft SQL Server\Client SDK\ODBC\130\Tools\Binn\;C:\Program Files (x86)\Microsoft SQL Server\130\Tools\Binn\;C:\Program Files (x86)\Microsoft SQL Server\130\DTS\Binn\;C:\Program Files (x86)\Microsoft SQL Server\130\Tools\Binn\ManagementStudio\;C:\Program Files\TortoiseSVN\bin;C:\gradle-4.9\bin;C:\Program Files\Java\jdk1.8.0_25\bin;C:\Program Files\Microsoft SQL Server\Client SDK\ODBC\170\Tools\Binn\;C:\Program Files (x86)\Microsoft SQL Server\150\Tools\Binn\;C:\Program Files\Microsoft SQL Server\150\Tools\Binn\;C:\Program Files\Microsoft SQL Server\150\DTS\Binn\;C:\Program Files\nodejs\;C:\Users\spandey\software\apache-maven-3.6.3-bin\apache-maven-3.6.3\bin;C:\Users\spandey\AppData\Local\Microsoft\WindowsApps;C:\Users\spandey\AppData\Roaming\npm;C:\Windows\system32;
USERNAME=spandey
OS=Windows_NT
PROCESSOR_IDENTIFIER=Intel64 Family 6 Model 142 Stepping 10, GenuineIntel



---------------  S Y S T E M  ---------------

OS: Windows 8.1 , 64 bit Build 9600 

CPU:total 8 (4 cores per cpu, 2 threads per core) family 6 model 142 stepping 10, cmov, cx8, fxsr, mmx, sse, sse2, sse3, ssse3, sse4.1, sse4.2, popcnt, avx, avx2, aes, clmul, erms, lzcnt, ht, tsc, tscinvbit, bmi1, bmi2

Memory: 4k page, physical 16634704k(7422800k free), swap 32636584k(16500740k free)

vm_info: Java HotSpot(TM) 64-Bit Server VM (25.25-b02) for windows-amd64 JRE (1.8.0_25-b18), built on Oct  7 2014 14:25:37 by "java_re" with MS VC++ 10.0 (VS2010)

time: Tue Mar 16 18:51:58 2021
elapsed time: 785 seconds (0d 0h 13m 5s)

